Started GET "/" for 127.0.0.1 at 2021-08-12 00:26:23 +0900
  [1m[35m (0.7ms)[0m  [1m[34mSELECT sqlite_version(*)[0m
Processing by ApplicationController#hello as HTML
  Rendering html template
  Rendered html template (Duration: 0.1ms | Allocations: 75)
Completed 200 OK in 13ms (Views: 3.6ms | ActiveRecord: 0.0ms | Allocations: 2597)


  [1m[35m (0.4ms)[0m  [1m[34mSELECT sqlite_version(*)[0m
  [1m[35m (1.8ms)[0m  [1m[35mCREATE TABLE "schema_migrations" ("version" varchar NOT NULL PRIMARY KEY)[0m
  [1m[35m (0.9ms)[0m  [1m[35mCREATE TABLE "ar_internal_metadata" ("key" varchar NOT NULL PRIMARY KEY, "value" varchar, "created_at" datetime(6) NOT NULL, "updated_at" datetime(6) NOT NULL)[0m
  [1m[35m (0.4ms)[0m  [1m[34mSELECT "schema_migrations"."version" FROM "schema_migrations" ORDER BY "schema_migrations"."version" ASC[0m
Migrating to CreateUsers (20210811154908)
  [1m[36mTRANSACTION (0.1ms)[0m  [1m[36mbegin transaction[0m
  [1m[35m (0.3ms)[0m  [1m[35mCREATE TABLE "users" ("id" integer PRIMARY KEY AUTOINCREMENT NOT NULL, "name" varchar, "email" varchar, "created_at" datetime(6) NOT NULL, "updated_at" datetime(6) NOT NULL)[0m
  [1m[36mActiveRecord::SchemaMigration Create (0.1ms)[0m  [1m[32mINSERT INTO "schema_migrations" ("version") VALUES (?)[0m  [["version", "20210811154908"]]
  [1m[36mTRANSACTION (0.7ms)[0m  [1m[36mcommit transaction[0m
  [1m[36mActiveRecord::InternalMetadata Load (0.1ms)[0m  [1m[34mSELECT "ar_internal_metadata".* FROM "ar_internal_metadata" WHERE "ar_internal_metadata"."key" = ? LIMIT ?[0m  [["key", "environment"], ["LIMIT", 1]]
  [1m[36mTRANSACTION (0.0ms)[0m  [1m[36mbegin transaction[0m
  [1m[36mActiveRecord::InternalMetadata Create (0.3ms)[0m  [1m[32mINSERT INTO "ar_internal_metadata" ("key", "value", "created_at", "updated_at") VALUES (?, ?, ?, ?)[0m  [["key", "environment"], ["value", "development"], ["created_at", "2021-08-11 15:51:20.403976"], ["updated_at", "2021-08-11 15:51:20.403976"]]
  [1m[36mTRANSACTION (0.8ms)[0m  [1m[36mcommit transaction[0m
  [1m[35m (0.1ms)[0m  [1m[34mSELECT sqlite_version(*)[0m
  [1m[35m (0.1ms)[0m  [1m[34mSELECT "schema_migrations"."version" FROM "schema_migrations" ORDER BY "schema_migrations"."version" ASC[0m
Started GET "/" for 127.0.0.1 at 2021-08-12 00:52:27 +0900
  [1m[35m (0.4ms)[0m  [1m[34mSELECT sqlite_version(*)[0m
  [1m[35m (0.1ms)[0m  [1m[34mSELECT "schema_migrations"."version" FROM "schema_migrations" ORDER BY "schema_migrations"."version" ASC[0m
Processing by ApplicationController#hello as HTML
  Rendering html template
  Rendered html template (Duration: 0.1ms | Allocations: 75)
Completed 200 OK in 7ms (Views: 2.3ms | ActiveRecord: 0.0ms | Allocations: 2615)


Started GET "/" for 127.0.0.1 at 2021-08-12 00:52:28 +0900
Processing by ApplicationController#hello as HTML
  Rendering html template
  Rendered html template (Duration: 0.1ms | Allocations: 30)
Completed 200 OK in 1ms (Views: 0.5ms | ActiveRecord: 0.0ms | Allocations: 415)


Started GET "/users" for 127.0.0.1 at 2021-08-12 00:53:20 +0900
Processing by UsersController#index as HTML
  Rendering layout layouts/application.html.erb
  Rendering users/index.html.erb within layouts/application
  [1m[36mUser Load (0.2ms)[0m  [1m[34mSELECT "users".* FROM "users"[0m
  ↳ app/views/users/index.html.erb:15
  Rendered users/index.html.erb within layouts/application (Duration: 3.5ms | Allocations: 1562)
[Webpacker] Compiling...
[Webpacker] Compiled all packs in /Users/ryuyauetake/private/ruby-app/public/packs
[Webpacker] Though the "loose" option was set to "false" in your @babel/preset-env config, it will not be used for @babel/plugin-proposal-private-property-in-object since the "loose" mode option was set to "true" for @babel/plugin-proposal-class-properties.
The "loose" option must be the same for @babel/plugin-proposal-class-properties, @babel/plugin-proposal-private-methods and @babel/plugin-proposal-private-property-in-object (when they are enabled): you can silence this warning by explicitly adding
	["@babel/plugin-proposal-private-property-in-object", { "loose": true }]
to the "plugins" section of your Babel config.
Though the "loose" option was set to "false" in your @babel/preset-env config, it will not be used for @babel/plugin-proposal-private-methods since the "loose" mode option was set to "true" for @babel/plugin-proposal-private-property-in-object.
The "loose" option must be the same for @babel/plugin-proposal-class-properties, @babel/plugin-proposal-private-methods and @babel/plugin-proposal-private-property-in-object (when they are enabled): you can silence this warning by explicitly adding
	["@babel/plugin-proposal-private-methods", { "loose": true }]
to the "plugins" section of your Babel config.
Though the "loose" option was set to "false" in your @babel/preset-env config, it will not be used for @babel/plugin-proposal-private-property-in-object since the "loose" mode option was set to "true" for @babel/plugin-proposal-class-properties.
The "loose" option must be the same for @babel/plugin-proposal-class-properties, @babel/plugin-proposal-private-methods and @babel/plugin-proposal-private-property-in-object (when they are enabled): you can silence this warning by explicitly adding
	["@babel/plugin-proposal-private-property-in-object", { "loose": true }]
to the "plugins" section of your Babel config.
Though the "loose" option was set to "false" in your @babel/preset-env config, it will not be used for @babel/plugin-proposal-private-methods since the "loose" mode option was set to "true" for @babel/plugin-proposal-private-property-in-object.
The "loose" option must be the same for @babel/plugin-proposal-class-properties, @babel/plugin-proposal-private-methods and @babel/plugin-proposal-private-property-in-object (when they are enabled): you can silence this warning by explicitly adding
	["@babel/plugin-proposal-private-methods", { "loose": true }]
to the "plugins" section of your Babel config.
Though the "loose" option was set to "false" in your @babel/preset-env config, it will not be used for @babel/plugin-proposal-private-property-in-object since the "loose" mode option was set to "true" for @babel/plugin-proposal-class-properties.
The "loose" option must be the same for @babel/plugin-proposal-class-properties, @babel/plugin-proposal-private-methods and @babel/plugin-proposal-private-property-in-object (when they are enabled): you can silence this warning by explicitly adding
	["@babel/plugin-proposal-private-property-in-object", { "loose": true }]
to the "plugins" section of your Babel config.
Though the "loose" option was set to "false" in your @babel/preset-env config, it will not be used for @babel/plugin-proposal-private-methods since the "loose" mode option was set to "true" for @babel/plugin-proposal-private-property-in-object.
The "loose" option must be the same for @babel/plugin-proposal-class-properties, @babel/plugin-proposal-private-methods and @babel/plugin-proposal-private-property-in-object (when they are enabled): you can silence this warning by explicitly adding
	["@babel/plugin-proposal-private-methods", { "loose": true }]
to the "plugins" section of your Babel config.
Though the "loose" option was set to "false" in your @babel/preset-env config, it will not be used for @babel/plugin-proposal-private-property-in-object since the "loose" mode option was set to "true" for @babel/plugin-proposal-class-properties.
The "loose" option must be the same for @babel/plugin-proposal-class-properties, @babel/plugin-proposal-private-methods and @babel/plugin-proposal-private-property-in-object (when they are enabled): you can silence this warning by explicitly adding
	["@babel/plugin-proposal-private-property-in-object", { "loose": true }]
to the "plugins" section of your Babel config.
Though the "loose" option was set to "false" in your @babel/preset-env config, it will not be used for @babel/plugin-proposal-private-methods since the "loose" mode option was set to "true" for @babel/plugin-proposal-private-property-in-object.
The "loose" option must be the same for @babel/plugin-proposal-class-properties, @babel/plugin-proposal-private-methods and @babel/plugin-proposal-private-property-in-object (when they are enabled): you can silence this warning by explicitly adding
	["@babel/plugin-proposal-private-methods", { "loose": true }]
to the "plugins" section of your Babel config.
Though the "loose" option was set to "false" in your @babel/preset-env config, it will not be used for @babel/plugin-proposal-private-property-in-object since the "loose" mode option was set to "true" for @babel/plugin-proposal-class-properties.
The "loose" option must be the same for @babel/plugin-proposal-class-properties, @babel/plugin-proposal-private-methods and @babel/plugin-proposal-private-property-in-object (when they are enabled): you can silence this warning by explicitly adding
	["@babel/plugin-proposal-private-property-in-object", { "loose": true }]
to the "plugins" section of your Babel config.
Though the "loose" option was set to "false" in your @babel/preset-env config, it will not be used for @babel/plugin-proposal-private-methods since the "loose" mode option was set to "true" for @babel/plugin-proposal-private-property-in-object.
The "loose" option must be the same for @babel/plugin-proposal-class-properties, @babel/plugin-proposal-private-methods and @babel/plugin-proposal-private-property-in-object (when they are enabled): you can silence this warning by explicitly adding
	["@babel/plugin-proposal-private-methods", { "loose": true }]
to the "plugins" section of your Babel config.
Though the "loose" option was set to "false" in your @babel/preset-env config, it will not be used for @babel/plugin-proposal-private-property-in-object since the "loose" mode option was set to "true" for @babel/plugin-proposal-class-properties.
The "loose" option must be the same for @babel/plugin-proposal-class-properties, @babel/plugin-proposal-private-methods and @babel/plugin-proposal-private-property-in-object (when they are enabled): you can silence this warning by explicitly adding
	["@babel/plugin-proposal-private-property-in-object", { "loose": true }]
to the "plugins" section of your Babel config.
Though the "loose" option was set to "false" in your @babel/preset-env config, it will not be used for @babel/plugin-proposal-private-methods since the "loose" mode option was set to "true" for @babel/plugin-proposal-private-property-in-object.
The "loose" option must be the same for @babel/plugin-proposal-class-properties, @babel/plugin-proposal-private-methods and @babel/plugin-proposal-private-property-in-object (when they are enabled): you can silence this warning by explicitly adding
	["@babel/plugin-proposal-private-methods", { "loose": true }]
to the "plugins" section of your Babel config.

[Webpacker] Hash: e2a8a876c5815bee1e21
Version: webpack 4.46.0
Time: 1566ms
Built at: 08/12/2021 12:53:24 AM
                                     Asset       Size       Chunks                         Chunk Names
    js/application-e421b4aa3f716bebdab1.js    125 KiB  application  [emitted] [immutable]  application
js/application-e421b4aa3f716bebdab1.js.map    139 KiB  application  [emitted] [dev]        application
                             manifest.json  364 bytes               [emitted]              
Entrypoint application = js/application-e421b4aa3f716bebdab1.js js/application-e421b4aa3f716bebdab1.js.map
[./app/javascript/channels sync recursive _channel\.js$] ./app/javascript/channels sync _channel\.js$ 160 bytes {application} [built]
[./app/javascript/channels/index.js] 211 bytes {application} [built]
[./app/javascript/packs/application.js] 492 bytes {application} [built]
[./node_modules/webpack/buildin/module.js] (webpack)/buildin/module.js 552 bytes {application} [built]
    + 3 hidden modules

  Rendered layout layouts/application.html.erb (Duration: 3878.3ms | Allocations: 20216)
Completed 200 OK in 3887ms (Views: 3880.2ms | ActiveRecord: 0.2ms | Allocations: 22661)


Started GET "/users/new" for 127.0.0.1 at 2021-08-12 00:54:14 +0900
Processing by UsersController#new as HTML
  Rendering layout layouts/application.html.erb
  Rendering users/new.html.erb within layouts/application
  Rendered users/_form.html.erb (Duration: 24.4ms | Allocations: 7722)
  Rendered users/new.html.erb within layouts/application (Duration: 25.5ms | Allocations: 8183)
[Webpacker] Everything's up-to-date. Nothing to do
  Rendered layout layouts/application.html.erb (Duration: 30.8ms | Allocations: 11708)
Completed 200 OK in 52ms (Views: 31.9ms | ActiveRecord: 0.7ms | Allocations: 16046)


Started POST "/users" for 127.0.0.1 at 2021-08-12 00:54:45 +0900
Processing by UsersController#create as HTML
  Parameters: {"authenticity_token"=>"[FILTERED]", "user"=>{"name"=>"ryuya", "email"=>"ryuya@gmail.com"}, "commit"=>"Create User"}
  [1m[36mTRANSACTION (0.1ms)[0m  [1m[36mbegin transaction[0m
  ↳ app/controllers/users_controller.rb:27:in `block in create'
  [1m[36mUser Create (0.5ms)[0m  [1m[32mINSERT INTO "users" ("name", "email", "created_at", "updated_at") VALUES (?, ?, ?, ?)[0m  [["name", "ryuya"], ["email", "ryuya@gmail.com"], ["created_at", "2021-08-11 15:54:45.427105"], ["updated_at", "2021-08-11 15:54:45.427105"]]
  ↳ app/controllers/users_controller.rb:27:in `block in create'
  [1m[36mTRANSACTION (0.7ms)[0m  [1m[36mcommit transaction[0m
  ↳ app/controllers/users_controller.rb:27:in `block in create'
Redirected to http://127.0.0.1:3000/users/1
Completed 302 Found in 9ms (ActiveRecord: 1.3ms | Allocations: 3465)


Started GET "/users/1" for 127.0.0.1 at 2021-08-12 00:54:45 +0900
Processing by UsersController#show as HTML
  Parameters: {"id"=>"1"}
  [1m[36mUser Load (0.2ms)[0m  [1m[34mSELECT "users".* FROM "users" WHERE "users"."id" = ? LIMIT ?[0m  [["id", 1], ["LIMIT", 1]]
  ↳ app/controllers/users_controller.rb:62:in `set_user'
  Rendering layout layouts/application.html.erb
  Rendering users/show.html.erb within layouts/application
  Rendered users/show.html.erb within layouts/application (Duration: 0.5ms | Allocations: 348)
[Webpacker] Everything's up-to-date. Nothing to do
  Rendered layout layouts/application.html.erb (Duration: 5.7ms | Allocations: 3892)
Completed 200 OK in 16ms (Views: 6.1ms | ActiveRecord: 0.2ms | Allocations: 7925)


Started GET "/users/1/edit" for 127.0.0.1 at 2021-08-12 00:55:19 +0900
Processing by UsersController#edit as HTML
  Parameters: {"id"=>"1"}
  [1m[36mUser Load (0.2ms)[0m  [1m[34mSELECT "users".* FROM "users" WHERE "users"."id" = ? LIMIT ?[0m  [["id", 1], ["LIMIT", 1]]
  ↳ app/controllers/users_controller.rb:62:in `set_user'
  Rendering layout layouts/application.html.erb
  Rendering users/edit.html.erb within layouts/application
  Rendered users/_form.html.erb (Duration: 1.7ms | Allocations: 808)
  Rendered users/edit.html.erb within layouts/application (Duration: 2.8ms | Allocations: 1090)
[Webpacker] Everything's up-to-date. Nothing to do
  Rendered layout layouts/application.html.erb (Duration: 22.2ms | Allocations: 4657)
Completed 200 OK in 32ms (Views: 27.0ms | ActiveRecord: 0.2ms | Allocations: 6299)


Started PATCH "/users/1" for 127.0.0.1 at 2021-08-12 00:55:51 +0900
Processing by UsersController#update as HTML
  Parameters: {"authenticity_token"=>"[FILTERED]", "user"=>{"name"=>"ryuya", "email"=>"ryuya@ez.com"}, "commit"=>"Update User", "id"=>"1"}
  [1m[36mUser Load (0.1ms)[0m  [1m[34mSELECT "users".* FROM "users" WHERE "users"."id" = ? LIMIT ?[0m  [["id", 1], ["LIMIT", 1]]
  ↳ app/controllers/users_controller.rb:62:in `set_user'
  [1m[36mTRANSACTION (0.1ms)[0m  [1m[36mbegin transaction[0m
  ↳ app/controllers/users_controller.rb:40:in `block in update'
  [1m[36mUser Update (0.4ms)[0m  [1m[33mUPDATE "users" SET "email" = ?, "updated_at" = ? WHERE "users"."id" = ?[0m  [["email", "ryuya@ez.com"], ["updated_at", "2021-08-11 15:55:51.089299"], ["id", 1]]
  ↳ app/controllers/users_controller.rb:40:in `block in update'
  [1m[36mTRANSACTION (0.5ms)[0m  [1m[36mcommit transaction[0m
  ↳ app/controllers/users_controller.rb:40:in `block in update'
Redirected to http://127.0.0.1:3000/users/1
Completed 302 Found in 9ms (ActiveRecord: 1.1ms | Allocations: 3359)


Started GET "/users/1" for 127.0.0.1 at 2021-08-12 00:55:51 +0900
Processing by UsersController#show as HTML
  Parameters: {"id"=>"1"}
  [1m[36mUser Load (0.1ms)[0m  [1m[34mSELECT "users".* FROM "users" WHERE "users"."id" = ? LIMIT ?[0m  [["id", 1], ["LIMIT", 1]]
  ↳ app/controllers/users_controller.rb:62:in `set_user'
  Rendering layout layouts/application.html.erb
  Rendering users/show.html.erb within layouts/application
  Rendered users/show.html.erb within layouts/application (Duration: 0.3ms | Allocations: 110)
[Webpacker] Everything's up-to-date. Nothing to do
  Rendered layout layouts/application.html.erb (Duration: 6.2ms | Allocations: 3558)
Completed 200 OK in 8ms (Views: 6.7ms | ActiveRecord: 0.1ms | Allocations: 4567)


Started GET "/users" for 127.0.0.1 at 2021-08-12 00:56:17 +0900
Processing by UsersController#index as HTML
  Rendering layout layouts/application.html.erb
  Rendering users/index.html.erb within layouts/application
  [1m[36mUser Load (0.2ms)[0m  [1m[34mSELECT "users".* FROM "users"[0m
  ↳ app/views/users/index.html.erb:15
  Rendered users/index.html.erb within layouts/application (Duration: 3.1ms | Allocations: 832)
[Webpacker] Everything's up-to-date. Nothing to do
  Rendered layout layouts/application.html.erb (Duration: 13.3ms | Allocations: 4883)
Completed 200 OK in 15ms (Views: 13.9ms | ActiveRecord: 0.2ms | Allocations: 5349)


Started GET "/users/new" for 127.0.0.1 at 2021-08-12 00:56:18 +0900
Processing by UsersController#new as HTML
  Rendering layout layouts/application.html.erb
  Rendering users/new.html.erb within layouts/application
  Rendered users/_form.html.erb (Duration: 1.9ms | Allocations: 675)
  Rendered users/new.html.erb within layouts/application (Duration: 2.3ms | Allocations: 787)
[Webpacker] Everything's up-to-date. Nothing to do
  Rendered layout layouts/application.html.erb (Duration: 12.1ms | Allocations: 4798)
Completed 200 OK in 14ms (Views: 12.8ms | ActiveRecord: 0.0ms | Allocations: 5268)


Started POST "/users" for 127.0.0.1 at 2021-08-12 00:56:39 +0900
Processing by UsersController#create as HTML
  Parameters: {"authenticity_token"=>"[FILTERED]", "user"=>{"name"=>"ryuya2", "email"=>"ryuya@gmail.com"}, "commit"=>"Create User"}
  [1m[36mTRANSACTION (0.1ms)[0m  [1m[36mbegin transaction[0m
  ↳ app/controllers/users_controller.rb:27:in `block in create'
  [1m[36mUser Create (0.4ms)[0m  [1m[32mINSERT INTO "users" ("name", "email", "created_at", "updated_at") VALUES (?, ?, ?, ?)[0m  [["name", "ryuya2"], ["email", "ryuya@gmail.com"], ["created_at", "2021-08-11 15:56:39.226026"], ["updated_at", "2021-08-11 15:56:39.226026"]]
  ↳ app/controllers/users_controller.rb:27:in `block in create'
  [1m[36mTRANSACTION (0.7ms)[0m  [1m[36mcommit transaction[0m
  ↳ app/controllers/users_controller.rb:27:in `block in create'
Redirected to http://127.0.0.1:3000/users/2
Completed 302 Found in 7ms (ActiveRecord: 1.1ms | Allocations: 2468)


Started GET "/users/2" for 127.0.0.1 at 2021-08-12 00:56:39 +0900
Processing by UsersController#show as HTML
  Parameters: {"id"=>"2"}
  [1m[36mUser Load (0.1ms)[0m  [1m[34mSELECT "users".* FROM "users" WHERE "users"."id" = ? LIMIT ?[0m  [["id", 2], ["LIMIT", 1]]
  ↳ app/controllers/users_controller.rb:62:in `set_user'
  Rendering layout layouts/application.html.erb
  Rendering users/show.html.erb within layouts/application
  Rendered users/show.html.erb within layouts/application (Duration: 0.2ms | Allocations: 110)
[Webpacker] Everything's up-to-date. Nothing to do
  Rendered layout layouts/application.html.erb (Duration: 5.7ms | Allocations: 3558)
Completed 200 OK in 8ms (Views: 6.2ms | ActiveRecord: 0.1ms | Allocations: 4568)


Started GET "/users/2/edit" for 127.0.0.1 at 2021-08-12 00:58:28 +0900
Processing by UsersController#edit as HTML
  Parameters: {"id"=>"2"}
  [1m[36mUser Load (0.1ms)[0m  [1m[34mSELECT "users".* FROM "users" WHERE "users"."id" = ? LIMIT ?[0m  [["id", 2], ["LIMIT", 1]]
  ↳ app/controllers/users_controller.rb:62:in `set_user'
  Rendering layout layouts/application.html.erb
  Rendering users/edit.html.erb within layouts/application
  Rendered users/_form.html.erb (Duration: 2.7ms | Allocations: 707)
  Rendered users/edit.html.erb within layouts/application (Duration: 4.1ms | Allocations: 885)
[Webpacker] Everything's up-to-date. Nothing to do
  Rendered layout layouts/application.html.erb (Duration: 12.9ms | Allocations: 4890)
Completed 200 OK in 17ms (Views: 14.0ms | ActiveRecord: 0.1ms | Allocations: 5916)


Started GET "/users/2" for 127.0.0.1 at 2021-08-12 00:58:30 +0900
Processing by UsersController#show as HTML
  Parameters: {"id"=>"2"}
  [1m[36mUser Load (0.1ms)[0m  [1m[34mSELECT "users".* FROM "users" WHERE "users"."id" = ? LIMIT ?[0m  [["id", 2], ["LIMIT", 1]]
  ↳ app/controllers/users_controller.rb:62:in `set_user'
  Rendering layout layouts/application.html.erb
  Rendering users/show.html.erb within layouts/application
  Rendered users/show.html.erb within layouts/application (Duration: 0.4ms | Allocations: 108)
[Webpacker] Everything's up-to-date. Nothing to do
  Rendered layout layouts/application.html.erb (Duration: 11.7ms | Allocations: 4133)
Completed 200 OK in 14ms (Views: 12.2ms | ActiveRecord: 0.1ms | Allocations: 5137)


Started GET "/users/" for 127.0.0.1 at 2021-08-12 00:58:34 +0900
Processing by UsersController#index as HTML
  Rendering layout layouts/application.html.erb
  Rendering users/index.html.erb within layouts/application
  [1m[36mUser Load (0.1ms)[0m  [1m[34mSELECT "users".* FROM "users"[0m
  ↳ app/views/users/index.html.erb:15
  Rendered users/index.html.erb within layouts/application (Duration: 2.0ms | Allocations: 926)
[Webpacker] Everything's up-to-date. Nothing to do
  Rendered layout layouts/application.html.erb (Duration: 7.7ms | Allocations: 4377)
Completed 200 OK in 9ms (Views: 8.0ms | ActiveRecord: 0.1ms | Allocations: 4838)


Started DELETE "/users/2" for 127.0.0.1 at 2021-08-12 00:58:40 +0900
Processing by UsersController#destroy as HTML
  Parameters: {"authenticity_token"=>"[FILTERED]", "id"=>"2"}
  [1m[36mUser Load (0.1ms)[0m  [1m[34mSELECT "users".* FROM "users" WHERE "users"."id" = ? LIMIT ?[0m  [["id", 2], ["LIMIT", 1]]
  ↳ app/controllers/users_controller.rb:62:in `set_user'
  [1m[36mTRANSACTION (0.0ms)[0m  [1m[36mbegin transaction[0m
  ↳ app/controllers/users_controller.rb:52:in `destroy'
  [1m[36mUser Destroy (0.3ms)[0m  [1m[31mDELETE FROM "users" WHERE "users"."id" = ?[0m  [["id", 2]]
  ↳ app/controllers/users_controller.rb:52:in `destroy'
  [1m[36mTRANSACTION (1.0ms)[0m  [1m[36mcommit transaction[0m
  ↳ app/controllers/users_controller.rb:52:in `destroy'
Redirected to http://127.0.0.1:3000/users
Completed 302 Found in 7ms (ActiveRecord: 1.4ms | Allocations: 2711)


Started GET "/users" for 127.0.0.1 at 2021-08-12 00:58:40 +0900
Processing by UsersController#index as HTML
  Rendering layout layouts/application.html.erb
  Rendering users/index.html.erb within layouts/application
  [1m[36mUser Load (0.1ms)[0m  [1m[34mSELECT "users".* FROM "users"[0m
  ↳ app/views/users/index.html.erb:15
  Rendered users/index.html.erb within layouts/application (Duration: 1.8ms | Allocations: 823)
[Webpacker] Everything's up-to-date. Nothing to do
  Rendered layout layouts/application.html.erb (Duration: 6.8ms | Allocations: 4265)
Completed 200 OK in 8ms (Views: 7.0ms | ActiveRecord: 0.1ms | Allocations: 4734)


Started GET "/users/new" for 127.0.0.1 at 2021-08-12 00:59:18 +0900
Processing by UsersController#new as HTML
  Rendering layout layouts/application.html.erb
  Rendering users/new.html.erb within layouts/application
  Rendered users/_form.html.erb (Duration: 2.9ms | Allocations: 675)
  Rendered users/new.html.erb within layouts/application (Duration: 3.5ms | Allocations: 813)
[Webpacker] Everything's up-to-date. Nothing to do
  Rendered layout layouts/application.html.erb (Duration: 13.7ms | Allocations: 4834)
Completed 200 OK in 15ms (Views: 14.6ms | ActiveRecord: 0.0ms | Allocations: 5300)


Started POST "/users" for 127.0.0.1 at 2021-08-12 00:59:30 +0900
Processing by UsersController#create as HTML
  Parameters: {"authenticity_token"=>"[FILTERED]", "user"=>{"name"=>"test", "email"=>"test@test.com"}, "commit"=>"Create User"}
  [1m[36mTRANSACTION (0.1ms)[0m  [1m[36mbegin transaction[0m
  ↳ app/controllers/users_controller.rb:27:in `block in create'
  [1m[36mUser Create (0.4ms)[0m  [1m[32mINSERT INTO "users" ("name", "email", "created_at", "updated_at") VALUES (?, ?, ?, ?)[0m  [["name", "test"], ["email", "test@test.com"], ["created_at", "2021-08-11 15:59:30.626758"], ["updated_at", "2021-08-11 15:59:30.626758"]]
  ↳ app/controllers/users_controller.rb:27:in `block in create'
  [1m[36mTRANSACTION (0.8ms)[0m  [1m[36mcommit transaction[0m
  ↳ app/controllers/users_controller.rb:27:in `block in create'
Redirected to http://127.0.0.1:3000/users/3
Completed 302 Found in 7ms (ActiveRecord: 1.3ms | Allocations: 2458)


Started GET "/users/3" for 127.0.0.1 at 2021-08-12 00:59:30 +0900
Processing by UsersController#show as HTML
  Parameters: {"id"=>"3"}
  [1m[36mUser Load (0.1ms)[0m  [1m[34mSELECT "users".* FROM "users" WHERE "users"."id" = ? LIMIT ?[0m  [["id", 3], ["LIMIT", 1]]
  ↳ app/controllers/users_controller.rb:62:in `set_user'
  Rendering layout layouts/application.html.erb
  Rendering users/show.html.erb within layouts/application
  Rendered users/show.html.erb within layouts/application (Duration: 0.5ms | Allocations: 110)
[Webpacker] Everything's up-to-date. Nothing to do
  Rendered layout layouts/application.html.erb (Duration: 5.9ms | Allocations: 3561)
Completed 200 OK in 8ms (Views: 6.3ms | ActiveRecord: 0.1ms | Allocations: 4572)


Started GET "/users/3" for 127.0.0.1 at 2021-08-12 00:59:45 +0900
Processing by UsersController#show as HTML
  Parameters: {"id"=>"3"}
  [1m[36mUser Load (0.2ms)[0m  [1m[34mSELECT "users".* FROM "users" WHERE "users"."id" = ? LIMIT ?[0m  [["id", 3], ["LIMIT", 1]]
  ↳ app/controllers/users_controller.rb:62:in `set_user'
  Rendering layout layouts/application.html.erb
  Rendering users/show.html.erb within layouts/application
  Rendered users/show.html.erb within layouts/application (Duration: 0.3ms | Allocations: 108)
[Webpacker] Everything's up-to-date. Nothing to do
  Rendered layout layouts/application.html.erb (Duration: 5.4ms | Allocations: 3550)
Completed 200 OK in 9ms (Views: 5.9ms | ActiveRecord: 0.2ms | Allocations: 4551)


Started GET "/users" for 127.0.0.1 at 2021-08-12 00:59:54 +0900
Processing by UsersController#index as HTML
  Rendering layout layouts/application.html.erb
  Rendering users/index.html.erb within layouts/application
  [1m[36mUser Load (0.1ms)[0m  [1m[34mSELECT "users".* FROM "users"[0m
  ↳ app/views/users/index.html.erb:15
  Rendered users/index.html.erb within layouts/application (Duration: 3.1ms | Allocations: 926)
[Webpacker] Everything's up-to-date. Nothing to do
  Rendered layout layouts/application.html.erb (Duration: 17.4ms | Allocations: 4958)
Completed 200 OK in 19ms (Views: 17.9ms | ActiveRecord: 0.1ms | Allocations: 5422)


Started GET "/users/new" for 127.0.0.1 at 2021-08-12 00:59:56 +0900
Processing by UsersController#new as HTML
  Rendering layout layouts/application.html.erb
  Rendering users/new.html.erb within layouts/application
  Rendered users/_form.html.erb (Duration: 2.3ms | Allocations: 675)
  Rendered users/new.html.erb within layouts/application (Duration: 3.0ms | Allocations: 816)
[Webpacker] Everything's up-to-date. Nothing to do
  Rendered layout layouts/application.html.erb (Duration: 12.4ms | Allocations: 4798)
Completed 200 OK in 14ms (Views: 13.0ms | ActiveRecord: 0.0ms | Allocations: 5263)


Started POST "/users" for 127.0.0.1 at 2021-08-12 00:59:58 +0900
Processing by UsersController#create as HTML
  Parameters: {"authenticity_token"=>"[FILTERED]", "user"=>{"name"=>"ryuya", "email"=>""}, "commit"=>"Create User"}
  [1m[36mTRANSACTION (0.0ms)[0m  [1m[36mbegin transaction[0m
  ↳ app/controllers/users_controller.rb:27:in `block in create'
  [1m[36mUser Create (0.5ms)[0m  [1m[32mINSERT INTO "users" ("name", "email", "created_at", "updated_at") VALUES (?, ?, ?, ?)[0m  [["name", "ryuya"], ["email", ""], ["created_at", "2021-08-11 15:59:58.338913"], ["updated_at", "2021-08-11 15:59:58.338913"]]
  ↳ app/controllers/users_controller.rb:27:in `block in create'
  [1m[36mTRANSACTION (0.8ms)[0m  [1m[36mcommit transaction[0m
  ↳ app/controllers/users_controller.rb:27:in `block in create'
Redirected to http://127.0.0.1:3000/users/4
Completed 302 Found in 6ms (ActiveRecord: 1.3ms | Allocations: 2453)


Started GET "/users/4" for 127.0.0.1 at 2021-08-12 00:59:58 +0900
Processing by UsersController#show as HTML
  Parameters: {"id"=>"4"}
  [1m[36mUser Load (0.1ms)[0m  [1m[34mSELECT "users".* FROM "users" WHERE "users"."id" = ? LIMIT ?[0m  [["id", 4], ["LIMIT", 1]]
  ↳ app/controllers/users_controller.rb:62:in `set_user'
  Rendering layout layouts/application.html.erb
  Rendering users/show.html.erb within layouts/application
  Rendered users/show.html.erb within layouts/application (Duration: 0.2ms | Allocations: 110)
[Webpacker] Everything's up-to-date. Nothing to do
  Rendered layout layouts/application.html.erb (Duration: 5.1ms | Allocations: 3561)
Completed 200 OK in 8ms (Views: 5.5ms | ActiveRecord: 0.1ms | Allocations: 4573)


Started GET "/users/4/edit" for 127.0.0.1 at 2021-08-12 01:00:12 +0900
Processing by UsersController#edit as HTML
  Parameters: {"id"=>"4"}
  [1m[36mUser Load (0.1ms)[0m  [1m[34mSELECT "users".* FROM "users" WHERE "users"."id" = ? LIMIT ?[0m  [["id", 4], ["LIMIT", 1]]
  ↳ app/controllers/users_controller.rb:62:in `set_user'
  Rendering layout layouts/application.html.erb
  Rendering users/edit.html.erb within layouts/application
  Rendered users/_form.html.erb (Duration: 1.9ms | Allocations: 707)
  Rendered users/edit.html.erb within layouts/application (Duration: 3.0ms | Allocations: 875)
[Webpacker] Everything's up-to-date. Nothing to do
  Rendered layout layouts/application.html.erb (Duration: 12.2ms | Allocations: 4886)
Completed 200 OK in 15ms (Views: 12.8ms | ActiveRecord: 0.1ms | Allocations: 5891)


Started PATCH "/users/4" for 127.0.0.1 at 2021-08-12 01:00:16 +0900
Processing by UsersController#update as HTML
  Parameters: {"authenticity_token"=>"[FILTERED]", "user"=>{"name"=>"ryuya", "email"=>"ggggg@example.com"}, "commit"=>"Update User", "id"=>"4"}
  [1m[36mUser Load (0.1ms)[0m  [1m[34mSELECT "users".* FROM "users" WHERE "users"."id" = ? LIMIT ?[0m  [["id", 4], ["LIMIT", 1]]
  ↳ app/controllers/users_controller.rb:62:in `set_user'
  [1m[36mTRANSACTION (0.0ms)[0m  [1m[36mbegin transaction[0m
  ↳ app/controllers/users_controller.rb:40:in `block in update'
  [1m[36mUser Update (0.3ms)[0m  [1m[33mUPDATE "users" SET "email" = ?, "updated_at" = ? WHERE "users"."id" = ?[0m  [["email", "ggggg@example.com"], ["updated_at", "2021-08-11 16:00:16.291027"], ["id", 4]]
  ↳ app/controllers/users_controller.rb:40:in `block in update'
  [1m[36mTRANSACTION (0.8ms)[0m  [1m[36mcommit transaction[0m
  ↳ app/controllers/users_controller.rb:40:in `block in update'
Redirected to http://127.0.0.1:3000/users/4
Completed 302 Found in 8ms (ActiveRecord: 1.3ms | Allocations: 3086)


Started GET "/users/4" for 127.0.0.1 at 2021-08-12 01:00:16 +0900
Processing by UsersController#show as HTML
  Parameters: {"id"=>"4"}
  [1m[36mUser Load (0.1ms)[0m  [1m[34mSELECT "users".* FROM "users" WHERE "users"."id" = ? LIMIT ?[0m  [["id", 4], ["LIMIT", 1]]
  ↳ app/controllers/users_controller.rb:62:in `set_user'
  Rendering layout layouts/application.html.erb
  Rendering users/show.html.erb within layouts/application
  Rendered users/show.html.erb within layouts/application (Duration: 0.3ms | Allocations: 110)
[Webpacker] Everything's up-to-date. Nothing to do
  Rendered layout layouts/application.html.erb (Duration: 7.2ms | Allocations: 3561)
Completed 200 OK in 9ms (Views: 7.6ms | ActiveRecord: 0.1ms | Allocations: 4570)


Started GET "/users" for 127.0.0.1 at 2021-08-12 01:00:19 +0900
Processing by UsersController#index as HTML
  Rendering layout layouts/application.html.erb
  Rendering users/index.html.erb within layouts/application
  [1m[36mUser Load (0.1ms)[0m  [1m[34mSELECT "users".* FROM "users"[0m
  ↳ app/views/users/index.html.erb:15
  Rendered users/index.html.erb within layouts/application (Duration: 2.9ms | Allocations: 1031)
[Webpacker] Everything's up-to-date. Nothing to do
  Rendered layout layouts/application.html.erb (Duration: 12.2ms | Allocations: 5063)
Completed 200 OK in 14ms (Views: 13.1ms | ActiveRecord: 0.1ms | Allocations: 5527)


Started DELETE "/users/4" for 127.0.0.1 at 2021-08-12 01:00:30 +0900
Processing by UsersController#destroy as HTML
  Parameters: {"authenticity_token"=>"[FILTERED]", "id"=>"4"}
  [1m[36mUser Load (0.2ms)[0m  [1m[34mSELECT "users".* FROM "users" WHERE "users"."id" = ? LIMIT ?[0m  [["id", 4], ["LIMIT", 1]]
  ↳ app/controllers/users_controller.rb:62:in `set_user'
  [1m[36mTRANSACTION (0.1ms)[0m  [1m[36mbegin transaction[0m
  ↳ app/controllers/users_controller.rb:52:in `destroy'
  [1m[36mUser Destroy (0.4ms)[0m  [1m[31mDELETE FROM "users" WHERE "users"."id" = ?[0m  [["id", 4]]
  ↳ app/controllers/users_controller.rb:52:in `destroy'
  [1m[36mTRANSACTION (1.0ms)[0m  [1m[36mcommit transaction[0m
  ↳ app/controllers/users_controller.rb:52:in `destroy'
Redirected to http://127.0.0.1:3000/users
Completed 302 Found in 9ms (ActiveRecord: 1.6ms | Allocations: 2646)


Started GET "/users" for 127.0.0.1 at 2021-08-12 01:00:30 +0900
Processing by UsersController#index as HTML
  Rendering layout layouts/application.html.erb
  Rendering users/index.html.erb within layouts/application
  [1m[36mUser Load (0.2ms)[0m  [1m[34mSELECT "users".* FROM "users"[0m
  ↳ app/views/users/index.html.erb:15
  Rendered users/index.html.erb within layouts/application (Duration: 2.3ms | Allocations: 928)
[Webpacker] Everything's up-to-date. Nothing to do
  Rendered layout layouts/application.html.erb (Duration: 7.7ms | Allocations: 4379)
Completed 200 OK in 9ms (Views: 8.0ms | ActiveRecord: 0.2ms | Allocations: 4848)


Started GET "/users/index.html" for 127.0.0.1 at 2021-08-12 01:01:23 +0900
Processing by UsersController#show as HTML
  Parameters: {"id"=>"index"}
  [1m[36mUser Load (0.1ms)[0m  [1m[34mSELECT "users".* FROM "users" WHERE "users"."id" = ? LIMIT ?[0m  [["id", nil], ["LIMIT", 1]]
  ↳ app/controllers/users_controller.rb:62:in `set_user'
Completed 404 Not Found in 2ms (ActiveRecord: 0.1ms | Allocations: 1137)


  
ActiveRecord::RecordNotFound (Couldn't find User with 'id'=index):
  
app/controllers/users_controller.rb:62:in `set_user'
Started GET "/users" for 127.0.0.1 at 2021-08-12 01:01:26 +0900
Processing by UsersController#index as HTML
  Rendering layout layouts/application.html.erb
  Rendering users/index.html.erb within layouts/application
  [1m[36mUser Load (0.1ms)[0m  [1m[34mSELECT "users".* FROM "users"[0m
  ↳ app/views/users/index.html.erb:15
  Rendered users/index.html.erb within layouts/application (Duration: 2.6ms | Allocations: 1042)
[Webpacker] Everything's up-to-date. Nothing to do
  Rendered layout layouts/application.html.erb (Duration: 8.9ms | Allocations: 4618)
Completed 200 OK in 10ms (Views: 9.5ms | ActiveRecord: 0.1ms | Allocations: 5169)


Started GET "/" for 127.0.0.1 at 2021-08-12 01:05:09 +0900
Processing by ApplicationController#hello as HTML
  Rendering html template
  Rendered html template (Duration: 0.1ms | Allocations: 28)
Completed 200 OK in 1ms (Views: 0.4ms | ActiveRecord: 0.0ms | Allocations: 385)


Started GET "/" for 127.0.0.1 at 2021-08-12 01:05:46 +0900
Processing by UsersController#index as HTML
  Rendering layout layouts/application.html.erb
  Rendering users/index.html.erb within layouts/application
  [1m[35m (0.1ms)[0m  [1m[34mSELECT sqlite_version(*)[0m
  ↳ app/views/users/index.html.erb:15
  [1m[36mUser Load (0.1ms)[0m  [1m[34mSELECT "users".* FROM "users"[0m
  ↳ app/views/users/index.html.erb:15
  Rendered users/index.html.erb within layouts/application (Duration: 8.0ms | Allocations: 4608)
[Webpacker] Everything's up-to-date. Nothing to do
  Rendered layout layouts/application.html.erb (Duration: 13.1ms | Allocations: 8259)
Completed 200 OK in 15ms (Views: 13.8ms | ActiveRecord: 0.8ms | Allocations: 9652)


